[25-Apr-2020 20:41:36 UTC] PHP Parse error:  syntax error, unexpected end of file in C:\Users\Jesssica\Local Sites\wp-dev\app\public\wp-content\themes\1.04-phpforwp-starter\index.php on line 50
[25-Apr-2020 20:41:51 UTC] PHP Parse error:  syntax error, unexpected end of file in C:\Users\Jesssica\Local Sites\wp-dev\app\public\wp-content\themes\1.04-phpforwp-starter\index.php on line 50
[25-Apr-2020 20:42:05 UTC] PHP Parse error:  syntax error, unexpected end of file in C:\Users\Jesssica\Local Sites\wp-dev\app\public\wp-content\themes\1.04-phpforwp-starter\index.php on line 50
[25-Apr-2020 20:44:08 UTC] PHP Parse error:  syntax error, unexpected end of file in C:\Users\Jesssica\Local Sites\wp-dev\app\public\wp-content\themes\1.04-phpforwp-starter\index.php on line 51
[25-Apr-2020 20:44:19 UTC] PHP Parse error:  syntax error, unexpected end of file in C:\Users\Jesssica\Local Sites\wp-dev\app\public\wp-content\themes\1.04-phpforwp-starter\index.php on line 51
[25-Apr-2020 20:46:49 UTC] PHP Parse error:  syntax error, unexpected ',' in C:\Users\Jesssica\Local Sites\wp-dev\app\public\wp-content\themes\1.04-phpforwp-starter\index.php on line 22
[25-Apr-2020 20:48:47 UTC] PHP Parse error:  syntax error, unexpected end of file in C:\Users\Jesssica\Local Sites\wp-dev\app\public\wp-content\themes\1.04-phpforwp-starter\index.php on line 51
[25-Apr-2020 20:50:55 UTC] PHP Fatal error:  Uncaught Error: Call to undefined function display_posts() in C:\Users\Jesssica\Local Sites\wp-dev\app\public\wp-content\themes\1.04-phpforwp-starter\index.php:30
Stack trace:
#0 C:\Users\Jesssica\Local Sites\wp-dev\app\public\wp-includes\template-loader.php(106): include()
#1 C:\Users\Jesssica\Local Sites\wp-dev\app\public\wp-blog-header.php(19): require_once('C:\\Users\\Jesssi...')
#2 C:\Users\Jesssica\Local Sites\wp-dev\app\public\index.php(17): require('C:\\Users\\Jesssi...')
#3 {main}
  thrown in C:\Users\Jesssica\Local Sites\wp-dev\app\public\wp-content\themes\1.04-phpforwp-starter\index.php on line 30
[09-May-2020 22:35:13 UTC] PHP Warning:  Failed loading Zend extension 'php_opcache.dll' (tried: C:/Users/Jesssica/AppData/Local/Programs/Local/resources/extraResources/lightning-services/php-7.3.5+3/bin/win32/ext\php_opcache.dll (The specified module could not be found.), C:/Users/Jesssica/AppData/Local/Programs/Local/resources/extraResources/lightning-services/php-7.3.5+3/bin/win32/ext\php_php_opcache.dll.dll (The specified module could not be found.)) in Unknown on line 0
[09-May-2020 22:35:13 UTC] PHP Warning:  Failed loading Zend extension 'php_opcache.dll' (tried: C:/Users/Jesssica/AppData/Local/Programs/Local/resources/extraResources/lightning-services/php-7.3.5+3/bin/win32/ext\php_opcache.dll (The specified module could not be found.), C:/Users/Jesssica/AppData/Local/Programs/Local/resources/extraResources/lightning-services/php-7.3.5+3/bin/win32/ext\php_php_opcache.dll.dll (The specified module could not be found.)) in Unknown on line 0
[09-May-2020 22:35:13 UTC] PHP Warning:  Failed loading Zend extension 'php_xdebug.dll' (tried: C:/Users/Jesssica/AppData/Local/Programs/Local/resources/extraResources/lightning-services/php-7.3.5+3/bin/win32/ext\php_xdebug.dll (The specified module could not be found.), C:/Users/Jesssica/AppData/Local/Programs/Local/resources/extraResources/lightning-services/php-7.3.5+3/bin/win32/ext\php_php_xdebug.dll.dll (The specified module could not be found.)) in Unknown on line 0
[09-May-2020 22:35:13 UTC] PHP Warning:  Failed loading Zend extension 'php_xdebug.dll' (tried: C:/Users/Jesssica/AppData/Local/Programs/Local/resources/extraResources/lightning-services/php-7.3.5+3/bin/win32/ext\php_xdebug.dll (The specified module could not be found.), C:/Users/Jesssica/AppData/Local/Programs/Local/resources/extraResources/lightning-services/php-7.3.5+3/bin/win32/ext\php_php_xdebug.dll.dll (The specified module could not be found.)) in Unknown on line 0
[09-May-2020 22:35:13 UTC] PHP Warning:  PHP Startup: Unable to load dynamic library 'php_curl.dll' (tried: C:/Users/Jesssica/AppData/Local/Programs/Local/resources/extraResources/lightning-services/php-7.3.5+3/bin/win32/ext\php_curl.dll (The specified module could not be found.), C:/Users/Jesssica/AppData/Local/Programs/Local/resources/extraResources/lightning-services/php-7.3.5+3/bin/win32/ext\php_php_curl.dll.dll (The specified module could not be found.)) in Unknown on line 0
[09-May-2020 22:35:13 UTC] PHP Warning:  PHP Startup: Unable to load dynamic library 'php_curl.dll' (tried: C:/Users/Jesssica/AppData/Local/Programs/Local/resources/extraResources/lightning-services/php-7.3.5+3/bin/win32/ext\php_curl.dll (The specified module could not be found.), C:/Users/Jesssica/AppData/Local/Programs/Local/resources/extraResources/lightning-services/php-7.3.5+3/bin/win32/ext\php_php_curl.dll.dll (The specified module could not be found.)) in Unknown on line 0
[09-May-2020 22:35:13 UTC] PHP Warning:  PHP Startup: Unable to load dynamic library 'php_gettext.dll' (tried: C:/Users/Jesssica/AppData/Local/Programs/Local/resources/extraResources/lightning-services/php-7.3.5+3/bin/win32/ext\php_gettext.dll (The specified module could not be found.), C:/Users/Jesssica/AppData/Local/Programs/Local/resources/extraResources/lightning-services/php-7.3.5+3/bin/win32/ext\php_php_gettext.dll.dll (The specified module could not be found.)) in Unknown on line 0
[09-May-2020 22:35:13 UTC] PHP Warning:  PHP Startup: Unable to load dynamic library 'php_gettext.dll' (tried: C:/Users/Jesssica/AppData/Local/Programs/Local/resources/extraResources/lightning-services/php-7.3.5+3/bin/win32/ext\php_gettext.dll (The specified module could not be found.), C:/Users/Jesssica/AppData/Local/Programs/Local/resources/extraResources/lightning-services/php-7.3.5+3/bin/win32/ext\php_php_gettext.dll.dll (The specified module could not be found.)) in Unknown on line 0
[09-May-2020 22:35:13 UTC] PHP Warning:  PHP Startup: Unable to load dynamic library 'php_openssl.dll' (tried: C:/Users/Jesssica/AppData/Local/Programs/Local/resources/extraResources/lightning-services/php-7.3.5+3/bin/win32/ext\php_openssl.dll (The specified module could not be found.), C:/Users/Jesssica/AppData/Local/Programs/Local/resources/extraResources/lightning-services/php-7.3.5+3/bin/win32/ext\php_php_openssl.dll.dll (The specified module could not be found.)) in Unknown on line 0
[09-May-2020 22:35:13 UTC] PHP Warning:  PHP Startup: Unable to load dynamic library 'php_openssl.dll' (tried: C:/Users/Jesssica/AppData/Local/Programs/Local/resources/extraResources/lightning-services/php-7.3.5+3/bin/win32/ext\php_openssl.dll (The specified module could not be found.), C:/Users/Jesssica/AppData/Local/Programs/Local/resources/extraResources/lightning-services/php-7.3.5+3/bin/win32/ext\php_php_openssl.dll.dll (The specified module could not be found.)) in Unknown on line 0
[09-May-2020 22:35:13 UTC] PHP Warning:  PHP Startup: Unable to load dynamic library 'php_exif.dll' (tried: C:/Users/Jesssica/AppData/Local/Programs/Local/resources/extraResources/lightning-services/php-7.3.5+3/bin/win32/ext\php_exif.dll (The specified module could not be found.), C:/Users/Jesssica/AppData/Local/Programs/Local/resources/extraResources/lightning-services/php-7.3.5+3/bin/win32/ext\php_php_exif.dll.dll (The specified module could not be found.)) in Unknown on line 0
[09-May-2020 22:35:13 UTC] PHP Warning:  PHP Startup: Unable to load dynamic library 'php_exif.dll' (tried: C:/Users/Jesssica/AppData/Local/Programs/Local/resources/extraResources/lightning-services/php-7.3.5+3/bin/win32/ext\php_exif.dll (The specified module could not be found.), C:/Users/Jesssica/AppData/Local/Programs/Local/resources/extraResources/lightning-services/php-7.3.5+3/bin/win32/ext\php_php_exif.dll.dll (The specified module could not be found.)) in Unknown on line 0
[09-May-2020 22:35:13 UTC] PHP Warning:  PHP Startup: Unable to load dynamic library 'php_gd2.dll' (tried: C:/Users/Jesssica/AppData/Local/Programs/Local/resources/extraResources/lightning-services/php-7.3.5+3/bin/win32/ext\php_gd2.dll (The specified module could not be found.), C:/Users/Jesssica/AppData/Local/Programs/Local/resources/extraResources/lightning-services/php-7.3.5+3/bin/win32/ext\php_php_gd2.dll.dll (The specified module could not be found.)) in Unknown on line 0
[09-May-2020 22:35:13 UTC] PHP Warning:  PHP Startup: Unable to load dynamic library 'php_gd2.dll' (tried: C:/Users/Jesssica/AppData/Local/Programs/Local/resources/extraResources/lightning-services/php-7.3.5+3/bin/win32/ext\php_gd2.dll (The specified module could not be found.), C:/Users/Jesssica/AppData/Local/Programs/Local/resources/extraResources/lightning-services/php-7.3.5+3/bin/win32/ext\php_php_gd2.dll.dll (The specified module could not be found.)) in Unknown on line 0
[09-May-2020 22:35:13 UTC] PHP Warning:  PHP Startup: Unable to load dynamic library 'php_ftp.dll' (tried: C:/Users/Jesssica/AppData/Local/Programs/Local/resources/extraResources/lightning-services/php-7.3.5+3/bin/win32/ext\php_ftp.dll (The specified module could not be found.), C:/Users/Jesssica/AppData/Local/Programs/Local/resources/extraResources/lightning-services/php-7.3.5+3/bin/win32/ext\php_php_ftp.dll.dll (The specified module could not be found.)) in Unknown on line 0
[09-May-2020 22:35:13 UTC] PHP Warning:  PHP Startup: Unable to load dynamic library 'php_ftp.dll' (tried: C:/Users/Jesssica/AppData/Local/Programs/Local/resources/extraResources/lightning-services/php-7.3.5+3/bin/win32/ext\php_ftp.dll (The specified module could not be found.), C:/Users/Jesssica/AppData/Local/Programs/Local/resources/extraResources/lightning-services/php-7.3.5+3/bin/win32/ext\php_php_ftp.dll.dll (The specified module could not be found.)) in Unknown on line 0
[09-May-2020 22:35:13 UTC] PHP Warning:  PHP Startup: Unable to load dynamic library 'php_imap.dll' (tried: C:/Users/Jesssica/AppData/Local/Programs/Local/resources/extraResources/lightning-services/php-7.3.5+3/bin/win32/ext\php_imap.dll (The specified module could not be found.), C:/Users/Jesssica/AppData/Local/Programs/Local/resources/extraResources/lightning-services/php-7.3.5+3/bin/win32/ext\php_php_imap.dll.dll (The specified module could not be found.)) in Unknown on line 0
[09-May-2020 22:35:13 UTC] PHP Warning:  PHP Startup: Unable to load dynamic library 'php_imap.dll' (tried: C:/Users/Jesssica/AppData/Local/Programs/Local/resources/extraResources/lightning-services/php-7.3.5+3/bin/win32/ext\php_imap.dll (The specified module could not be found.), C:/Users/Jesssica/AppData/Local/Programs/Local/resources/extraResources/lightning-services/php-7.3.5+3/bin/win32/ext\php_php_imap.dll.dll (The specified module could not be found.)) in Unknown on line 0
[09-May-2020 22:35:13 UTC] PHP Warning:  PHP Startup: Unable to load dynamic library 'php_bz2.dll' (tried: C:/Users/Jesssica/AppData/Local/Programs/Local/resources/extraResources/lightning-services/php-7.3.5+3/bin/win32/ext\php_bz2.dll (The specified module could not be found.), C:/Users/Jesssica/AppData/Local/Programs/Local/resources/extraResources/lightning-services/php-7.3.5+3/bin/win32/ext\php_php_bz2.dll.dll (The specified module could not be found.)) in Unknown on line 0
[09-May-2020 22:35:13 UTC] PHP Warning:  PHP Startup: Unable to load dynamic library 'php_bz2.dll' (tried: C:/Users/Jesssica/AppData/Local/Programs/Local/resources/extraResources/lightning-services/php-7.3.5+3/bin/win32/ext\php_bz2.dll (The specified module could not be found.), C:/Users/Jesssica/AppData/Local/Programs/Local/resources/extraResources/lightning-services/php-7.3.5+3/bin/win32/ext\php_php_bz2.dll.dll (The specified module could not be found.)) in Unknown on line 0
[09-May-2020 22:35:13 UTC] PHP Warning:  PHP Startup: Unable to load dynamic library 'php_mbstring.dll' (tried: C:/Users/Jesssica/AppData/Local/Programs/Local/resources/extraResources/lightning-services/php-7.3.5+3/bin/win32/ext\php_mbstring.dll (The specified module could not be found.), C:/Users/Jesssica/AppData/Local/Programs/Local/resources/extraResources/lightning-services/php-7.3.5+3/bin/win32/ext\php_php_mbstring.dll.dll (The specified module could not be found.)) in Unknown on line 0
[09-May-2020 22:35:13 UTC] PHP Warning:  PHP Startup: Unable to load dynamic library 'php_mbstring.dll' (tried: C:/Users/Jesssica/AppData/Local/Programs/Local/resources/extraResources/lightning-services/php-7.3.5+3/bin/win32/ext\php_mbstring.dll (The specified module could not be found.), C:/Users/Jesssica/AppData/Local/Programs/Local/resources/extraResources/lightning-services/php-7.3.5+3/bin/win32/ext\php_php_mbstring.dll.dll (The specified module could not be found.)) in Unknown on line 0
[09-May-2020 22:35:13 UTC] PHP Warning:  PHP Startup: Unable to load dynamic library 'php_sodium.dll' (tried: C:/Users/Jesssica/AppData/Local/Programs/Local/resources/extraResources/lightning-services/php-7.3.5+3/bin/win32/ext\php_sodium.dll (The specified module could not be found.), C:/Users/Jesssica/AppData/Local/Programs/Local/resources/extraResources/lightning-services/php-7.3.5+3/bin/win32/ext\php_php_sodium.dll.dll (The specified module could not be found.)) in Unknown on line 0
[09-May-2020 22:35:13 UTC] PHP Warning:  PHP Startup: Unable to load dynamic library 'php_sodium.dll' (tried: C:/Users/Jesssica/AppData/Local/Programs/Local/resources/extraResources/lightning-services/php-7.3.5+3/bin/win32/ext\php_sodium.dll (The specified module could not be found.), C:/Users/Jesssica/AppData/Local/Programs/Local/resources/extraResources/lightning-services/php-7.3.5+3/bin/win32/ext\php_php_sodium.dll.dll (The specified module could not be found.)) in Unknown on line 0
[09-May-2020 22:35:13 UTC] PHP Warning:  PHP Startup: Unable to load dynamic library 'php_tidy.dll' (tried: C:/Users/Jesssica/AppData/Local/Programs/Local/resources/extraResources/lightning-services/php-7.3.5+3/bin/win32/ext\php_tidy.dll (The specified module could not be found.), C:/Users/Jesssica/AppData/Local/Programs/Local/resources/extraResources/lightning-services/php-7.3.5+3/bin/win32/ext\php_php_tidy.dll.dll (The specified module could not be found.)) in Unknown on line 0
[09-May-2020 22:35:13 UTC] PHP Warning:  PHP Startup: Unable to load dynamic library 'php_xsl.dll' (tried: C:/Users/Jesssica/AppData/Local/Programs/Local/resources/extraResources/lightning-services/php-7.3.5+3/bin/win32/ext\php_xsl.dll (The specified module could not be found.), C:/Users/Jesssica/AppData/Local/Programs/Local/resources/extraResources/lightning-services/php-7.3.5+3/bin/win32/ext\php_php_xsl.dll.dll (The specified module could not be found.)) in Unknown on line 0
[09-May-2020 22:35:13 UTC] PHP Warning:  PHP Startup: Unable to load dynamic library 'php_tidy.dll' (tried: C:/Users/Jesssica/AppData/Local/Programs/Local/resources/extraResources/lightning-services/php-7.3.5+3/bin/win32/ext\php_tidy.dll (The specified module could not be found.), C:/Users/Jesssica/AppData/Local/Programs/Local/resources/extraResources/lightning-services/php-7.3.5+3/bin/win32/ext\php_php_tidy.dll.dll (The specified module could not be found.)) in Unknown on line 0
[09-May-2020 22:35:13 UTC] PHP Warning:  PHP Startup: Unable to load dynamic library 'php_xmlrpc.dll' (tried: C:/Users/Jesssica/AppData/Local/Programs/Local/resources/extraResources/lightning-services/php-7.3.5+3/bin/win32/ext\php_xmlrpc.dll (The specified module could not be found.), C:/Users/Jesssica/AppData/Local/Programs/Local/resources/extraResources/lightning-services/php-7.3.5+3/bin/win32/ext\php_php_xmlrpc.dll.dll (The specified module could not be found.)) in Unknown on line 0
[09-May-2020 22:35:13 UTC] PHP Warning:  PHP Startup: Unable to load dynamic library 'php_xsl.dll' (tried: C:/Users/Jesssica/AppData/Local/Programs/Local/resources/extraResources/lightning-services/php-7.3.5+3/bin/win32/ext\php_xsl.dll (The specified module could not be found.), C:/Users/Jesssica/AppData/Local/Programs/Local/resources/extraResources/lightning-services/php-7.3.5+3/bin/win32/ext\php_php_xsl.dll.dll (The specified module could not be found.)) in Unknown on line 0
[09-May-2020 22:35:13 UTC] PHP Warning:  PHP Startup: Unable to load dynamic library 'php_soap.dll' (tried: C:/Users/Jesssica/AppData/Local/Programs/Local/resources/extraResources/lightning-services/php-7.3.5+3/bin/win32/ext\php_soap.dll (The specified module could not be found.), C:/Users/Jesssica/AppData/Local/Programs/Local/resources/extraResources/lightning-services/php-7.3.5+3/bin/win32/ext\php_php_soap.dll.dll (The specified module could not be found.)) in Unknown on line 0
[09-May-2020 22:35:13 UTC] PHP Warning:  PHP Startup: Unable to load dynamic library 'php_xmlrpc.dll' (tried: C:/Users/Jesssica/AppData/Local/Programs/Local/resources/extraResources/lightning-services/php-7.3.5+3/bin/win32/ext\php_xmlrpc.dll (The specified module could not be found.), C:/Users/Jesssica/AppData/Local/Programs/Local/resources/extraResources/lightning-services/php-7.3.5+3/bin/win32/ext\php_php_xmlrpc.dll.dll (The specified module could not be found.)) in Unknown on line 0
[09-May-2020 22:35:13 UTC] PHP Warning:  PHP Startup: Unable to load dynamic library 'php_mysqli.dll' (tried: C:/Users/Jesssica/AppData/Local/Programs/Local/resources/extraResources/lightning-services/php-7.3.5+3/bin/win32/ext\php_mysqli.dll (The specified module could not be found.), C:/Users/Jesssica/AppData/Local/Programs/Local/resources/extraResources/lightning-services/php-7.3.5+3/bin/win32/ext\php_php_mysqli.dll.dll (The specified module could not be found.)) in Unknown on line 0
[09-May-2020 22:35:13 UTC] PHP Warning:  PHP Startup: Unable to load dynamic library 'php_soap.dll' (tried: C:/Users/Jesssica/AppData/Local/Programs/Local/resources/extraResources/lightning-services/php-7.3.5+3/bin/win32/ext\php_soap.dll (The specified module could not be found.), C:/Users/Jesssica/AppData/Local/Programs/Local/resources/extraResources/lightning-services/php-7.3.5+3/bin/win32/ext\php_php_soap.dll.dll (The specified module could not be found.)) in Unknown on line 0
[09-May-2020 22:35:13 UTC] PHP Warning:  PHP Startup: Unable to load dynamic library 'php_pdo_mysql.dll' (tried: C:/Users/Jesssica/AppData/Local/Programs/Local/resources/extraResources/lightning-services/php-7.3.5+3/bin/win32/ext\php_pdo_mysql.dll (The specified module could not be found.), C:/Users/Jesssica/AppData/Local/Programs/Local/resources/extraResources/lightning-services/php-7.3.5+3/bin/win32/ext\php_php_pdo_mysql.dll.dll (The specified module could not be found.)) in Unknown on line 0
[09-May-2020 22:35:13 UTC] PHP Warning:  PHP Startup: Unable to load dynamic library 'php_mysqli.dll' (tried: C:/Users/Jesssica/AppData/Local/Programs/Local/resources/extraResources/lightning-services/php-7.3.5+3/bin/win32/ext\php_mysqli.dll (The specified module could not be found.), C:/Users/Jesssica/AppData/Local/Programs/Local/resources/extraResources/lightning-services/php-7.3.5+3/bin/win32/ext\php_php_mysqli.dll.dll (The specified module could not be found.)) in Unknown on line 0
[09-May-2020 22:35:13 UTC] PHP Warning:  PHP Startup: Unable to load dynamic library 'php_pdo_mysql.dll' (tried: C:/Users/Jesssica/AppData/Local/Programs/Local/resources/extraResources/lightning-services/php-7.3.5+3/bin/win32/ext\php_pdo_mysql.dll (The specified module could not be found.), C:/Users/Jesssica/AppData/Local/Programs/Local/resources/extraResources/lightning-services/php-7.3.5+3/bin/win32/ext\php_php_pdo_mysql.dll.dll (The specified module could not be found.)) in Unknown on line 0
[09-May-2020 22:35:13 UTC] PHP Warning:  Failed loading Zend extension 'php_opcache.dll' (tried: C:/Users/Jesssica/AppData/Local/Programs/Local/resources/extraResources/lightning-services/php-7.3.5+3/bin/win32/ext\php_opcache.dll (The specified module could not be found.), C:/Users/Jesssica/AppData/Local/Programs/Local/resources/extraResources/lightning-services/php-7.3.5+3/bin/win32/ext\php_php_opcache.dll.dll (The specified module could not be found.)) in Unknown on line 0
[09-May-2020 22:35:13 UTC] PHP Warning:  Failed loading Zend extension 'php_xdebug.dll' (tried: C:/Users/Jesssica/AppData/Local/Programs/Local/resources/extraResources/lightning-services/php-7.3.5+3/bin/win32/ext\php_xdebug.dll (The specified module could not be found.), C:/Users/Jesssica/AppData/Local/Programs/Local/resources/extraResources/lightning-services/php-7.3.5+3/bin/win32/ext\php_php_xdebug.dll.dll (The specified module could not be found.)) in Unknown on line 0
[09-May-2020 22:35:13 UTC] PHP Warning:  PHP Startup: Unable to load dynamic library 'php_curl.dll' (tried: C:/Users/Jesssica/AppData/Local/Programs/Local/resources/extraResources/lightning-services/php-7.3.5+3/bin/win32/ext\php_curl.dll (The specified module could not be found.), C:/Users/Jesssica/AppData/Local/Programs/Local/resources/extraResources/lightning-services/php-7.3.5+3/bin/win32/ext\php_php_curl.dll.dll (The specified module could not be found.)) in Unknown on line 0
[09-May-2020 22:35:13 UTC] PHP Warning:  PHP Startup: Unable to load dynamic library 'php_gettext.dll' (tried: C:/Users/Jesssica/AppData/Local/Programs/Local/resources/extraResources/lightning-services/php-7.3.5+3/bin/win32/ext\php_gettext.dll (The specified module could not be found.), C:/Users/Jesssica/AppData/Local/Programs/Local/resources/extraResources/lightning-services/php-7.3.5+3/bin/win32/ext\php_php_gettext.dll.dll (The specified module could not be found.)) in Unknown on line 0
[09-May-2020 22:35:13 UTC] PHP Warning:  PHP Startup: Unable to load dynamic library 'php_openssl.dll' (tried: C:/Users/Jesssica/AppData/Local/Programs/Local/resources/extraResources/lightning-services/php-7.3.5+3/bin/win32/ext\php_openssl.dll (The specified module could not be found.), C:/Users/Jesssica/AppData/Local/Programs/Local/resources/extraResources/lightning-services/php-7.3.5+3/bin/win32/ext\php_php_openssl.dll.dll (The specified module could not be found.)) in Unknown on line 0
[09-May-2020 22:35:13 UTC] PHP Warning:  PHP Startup: Unable to load dynamic library 'php_exif.dll' (tried: C:/Users/Jesssica/AppData/Local/Programs/Local/resources/extraResources/lightning-services/php-7.3.5+3/bin/win32/ext\php_exif.dll (The specified module could not be found.), C:/Users/Jesssica/AppData/Local/Programs/Local/resources/extraResources/lightning-services/php-7.3.5+3/bin/win32/ext\php_php_exif.dll.dll (The specified module could not be found.)) in Unknown on line 0
[09-May-2020 22:35:13 UTC] PHP Warning:  PHP Startup: Unable to load dynamic library 'php_gd2.dll' (tried: C:/Users/Jesssica/AppData/Local/Programs/Local/resources/extraResources/lightning-services/php-7.3.5+3/bin/win32/ext\php_gd2.dll (The specified module could not be found.), C:/Users/Jesssica/AppData/Local/Programs/Local/resources/extraResources/lightning-services/php-7.3.5+3/bin/win32/ext\php_php_gd2.dll.dll (The specified module could not be found.)) in Unknown on line 0
[09-May-2020 22:35:13 UTC] PHP Warning:  PHP Startup: Unable to load dynamic library 'php_ftp.dll' (tried: C:/Users/Jesssica/AppData/Local/Programs/Local/resources/extraResources/lightning-services/php-7.3.5+3/bin/win32/ext\php_ftp.dll (The specified module could not be found.), C:/Users/Jesssica/AppData/Local/Programs/Local/resources/extraResources/lightning-services/php-7.3.5+3/bin/win32/ext\php_php_ftp.dll.dll (The specified module could not be found.)) in Unknown on line 0
[09-May-2020 22:35:13 UTC] PHP Warning:  PHP Startup: Unable to load dynamic library 'php_imap.dll' (tried: C:/Users/Jesssica/AppData/Local/Programs/Local/resources/extraResources/lightning-services/php-7.3.5+3/bin/win32/ext\php_imap.dll (The specified module could not be found.), C:/Users/Jesssica/AppData/Local/Programs/Local/resources/extraResources/lightning-services/php-7.3.5+3/bin/win32/ext\php_php_imap.dll.dll (The specified module could not be found.)) in Unknown on line 0
[09-May-2020 22:35:13 UTC] PHP Warning:  PHP Startup: Unable to load dynamic library 'php_bz2.dll' (tried: C:/Users/Jesssica/AppData/Local/Programs/Local/resources/extraResources/lightning-services/php-7.3.5+3/bin/win32/ext\php_bz2.dll (The specified module could not be found.), C:/Users/Jesssica/AppData/Local/Programs/Local/resources/extraResources/lightning-services/php-7.3.5+3/bin/win32/ext\php_php_bz2.dll.dll (The specified module could not be found.)) in Unknown on line 0
[09-May-2020 22:35:13 UTC] PHP Warning:  PHP Startup: Unable to load dynamic library 'php_mbstring.dll' (tried: C:/Users/Jesssica/AppData/Local/Programs/Local/resources/extraResources/lightning-services/php-7.3.5+3/bin/win32/ext\php_mbstring.dll (The specified module could not be found.), C:/Users/Jesssica/AppData/Local/Programs/Local/resources/extraResources/lightning-services/php-7.3.5+3/bin/win32/ext\php_php_mbstring.dll.dll (The specified module could not be found.)) in Unknown on line 0
[09-May-2020 22:35:13 UTC] PHP Warning:  PHP Startup: Unable to load dynamic library 'php_sodium.dll' (tried: C:/Users/Jesssica/AppData/Local/Programs/Local/resources/extraResources/lightning-services/php-7.3.5+3/bin/win32/ext\php_sodium.dll (The specified module could not be found.), C:/Users/Jesssica/AppData/Local/Programs/Local/resources/extraResources/lightning-services/php-7.3.5+3/bin/win32/ext\php_php_sodium.dll.dll (The specified module could not be found.)) in Unknown on line 0
[09-May-2020 22:35:13 UTC] PHP Warning:  PHP Startup: Unable to load dynamic library 'php_tidy.dll' (tried: C:/Users/Jesssica/AppData/Local/Programs/Local/resources/extraResources/lightning-services/php-7.3.5+3/bin/win32/ext\php_tidy.dll (The specified module could not be found.), C:/Users/Jesssica/AppData/Local/Programs/Local/resources/extraResources/lightning-services/php-7.3.5+3/bin/win32/ext\php_php_tidy.dll.dll (The specified module could not be found.)) in Unknown on line 0
[09-May-2020 22:35:13 UTC] PHP Warning:  PHP Startup: Unable to load dynamic library 'php_xsl.dll' (tried: C:/Users/Jesssica/AppData/Local/Programs/Local/resources/extraResources/lightning-services/php-7.3.5+3/bin/win32/ext\php_xsl.dll (The specified module could not be found.), C:/Users/Jesssica/AppData/Local/Programs/Local/resources/extraResources/lightning-services/php-7.3.5+3/bin/win32/ext\php_php_xsl.dll.dll (The specified module could not be found.)) in Unknown on line 0
[09-May-2020 22:35:13 UTC] PHP Warning:  PHP Startup: Unable to load dynamic library 'php_xmlrpc.dll' (tried: C:/Users/Jesssica/AppData/Local/Programs/Local/resources/extraResources/lightning-services/php-7.3.5+3/bin/win32/ext\php_xmlrpc.dll (The specified module could not be found.), C:/Users/Jesssica/AppData/Local/Programs/Local/resources/extraResources/lightning-services/php-7.3.5+3/bin/win32/ext\php_php_xmlrpc.dll.dll (The specified module could not be found.)) in Unknown on line 0
[09-May-2020 22:35:13 UTC] PHP Warning:  PHP Startup: Unable to load dynamic library 'php_soap.dll' (tried: C:/Users/Jesssica/AppData/Local/Programs/Local/resources/extraResources/lightning-services/php-7.3.5+3/bin/win32/ext\php_soap.dll (The specified module could not be found.), C:/Users/Jesssica/AppData/Local/Programs/Local/resources/extraResources/lightning-services/php-7.3.5+3/bin/win32/ext\php_php_soap.dll.dll (The specified module could not be found.)) in Unknown on line 0
[09-May-2020 22:35:13 UTC] PHP Warning:  PHP Startup: Unable to load dynamic library 'php_mysqli.dll' (tried: C:/Users/Jesssica/AppData/Local/Programs/Local/resources/extraResources/lightning-services/php-7.3.5+3/bin/win32/ext\php_mysqli.dll (The specified module could not be found.), C:/Users/Jesssica/AppData/Local/Programs/Local/resources/extraResources/lightning-services/php-7.3.5+3/bin/win32/ext\php_php_mysqli.dll.dll (The specified module could not be found.)) in Unknown on line 0
[09-May-2020 22:35:13 UTC] PHP Warning:  PHP Startup: Unable to load dynamic library 'php_pdo_mysql.dll' (tried: C:/Users/Jesssica/AppData/Local/Programs/Local/resources/extraResources/lightning-services/php-7.3.5+3/bin/win32/ext\php_pdo_mysql.dll (The specified module could not be found.), C:/Users/Jesssica/AppData/Local/Programs/Local/resources/extraResources/lightning-services/php-7.3.5+3/bin/win32/ext\php_php_pdo_mysql.dll.dll (The specified module could not be found.)) in Unknown on line 0
[09-May-2020 22:35:13 UTC] PHP Warning:  Use of undefined constant OPENSSL_VERSION_TEXT - assumed 'OPENSSL_VERSION_TEXT' (this will throw an Error in a future version of PHP) in Command line code on line 1
[09-May-2020 22:35:14 UTC] PHP Fatal error:  Uncaught Error: Call to undefined function mysql_connect() in C:\Users\Jesssica\Local Sites\wp-dev\app\public\wp-includes\wp-db.php:1661
Stack trace:
#0 C:\Users\Jesssica\Local Sites\wp-dev\app\public\wp-includes\wp-db.php(631): wpdb->db_connect()
#1 C:\Users\Jesssica\Local Sites\wp-dev\app\public\wp-includes\load.php(426): wpdb->__construct('root', 'root', 'local', 'localhost')
#2 C:\Users\Jesssica\Local Sites\wp-dev\app\public\wp-settings.php(126): require_wp_db()
#3 phar://C:/Program Files (x86)/Local/resources/extraResources/bin/wp-cli/wp-cli.phar/vendor/wp-cli/wp-cli/php/WP_CLI/Runner.php(1237): require('C:\\Users\\Jesssi...')
#4 phar://C:/Program Files (x86)/Local/resources/extraResources/bin/wp-cli/wp-cli.phar/vendor/wp-cli/wp-cli/php/WP_CLI/Runner.php(1158): WP_CLI\Runner->load_wordpress()
#5 phar://C:/Program Files (x86)/Local/resources/extraResources/bin/wp-cli/wp-cli.phar/vendor/wp-cli/wp-cli/php/WP_CLI/Bootstrap/LaunchRunner.php(23): WP_CLI\Runner->start()
#6 phar://C:/Program Files (x86)/Local/re in C:\Users\Jesssica\Local Sites\wp-dev\app\public\wp-includes\wp-db.php on line 1661
[09-May-2020 22:46:09 UTC] PHP Fatal error:  Uncaught Error: Call to undefined function the_posts() in C:\Users\Jesssica\Local Sites\wp-dev\app\public\wp-content\themes\1.08-phpforwp-starter\index.php:17
Stack trace:
#0 C:\Users\Jesssica\Local Sites\wp-dev\app\public\wp-includes\template-loader.php(106): include()
#1 C:\Users\Jesssica\Local Sites\wp-dev\app\public\wp-blog-header.php(19): require_once('C:\\Users\\Jesssi...')
#2 C:\Users\Jesssica\Local Sites\wp-dev\app\public\index.php(17): require('C:\\Users\\Jesssi...')
#3 {main}
  thrown in C:\Users\Jesssica\Local Sites\wp-dev\app\public\wp-content\themes\1.08-phpforwp-starter\index.php on line 17
[09-May-2020 23:20:04 UTC] PHP Parse error:  syntax error, unexpected '''' (T_CONSTANT_ENCAPSED_STRING), expecting ')' in C:\Users\Jesssica\Local Sites\wp-dev\app\public\wp-content\themes\1.10-phpforwp-starter\index.php on line 26
[09-May-2020 23:20:29 UTC] PHP Parse error:  syntax error, unexpected '''' (T_CONSTANT_ENCAPSED_STRING), expecting ')' in C:\Users\Jesssica\Local Sites\wp-dev\app\public\wp-content\themes\1.10-phpforwp-starter\index.php on line 26
[09-May-2020 23:20:37 UTC] PHP Parse error:  syntax error, unexpected '''' (T_CONSTANT_ENCAPSED_STRING), expecting ')' in C:\Users\Jesssica\Local Sites\wp-dev\app\public\wp-content\themes\1.10-phpforwp-starter\index.php on line 26
[09-May-2020 23:54:38 UTC] PHP Parse error:  syntax error, unexpected ')' in C:\Users\Jesssica\Local Sites\wp-dev\app\public\wp-content\themes\1.12-phpforwp-starter\index.php on line 12
[09-May-2020 23:54:40 UTC] PHP Parse error:  syntax error, unexpected ')' in C:\Users\Jesssica\Local Sites\wp-dev\app\public\wp-content\themes\1.12-phpforwp-starter\index.php on line 12
[10-May-2020 00:49:45 UTC] PHP Warning:  call_user_func_array() expects parameter 1 to be a valid callback, function '' not found or invalid function name in C:\Users\Jesssica\Local Sites\wp-dev\app\public\wp-includes\class-wp-hook.php on line 287
[10-May-2020 00:49:45 UTC] PHP Stack trace:
[10-May-2020 00:49:45 UTC] PHP   1. {main}() C:\Users\Jesssica\Local Sites\wp-dev\app\public\index.php:0
[10-May-2020 00:49:45 UTC] PHP   2. require() C:\Users\Jesssica\Local Sites\wp-dev\app\public\index.php:17
[10-May-2020 00:49:45 UTC] PHP   3. require_once() C:\Users\Jesssica\Local Sites\wp-dev\app\public\wp-blog-header.php:19
[10-May-2020 00:49:45 UTC] PHP   4. include() C:\Users\Jesssica\Local Sites\wp-dev\app\public\wp-includes\template-loader.php:106
[10-May-2020 00:49:45 UTC] PHP   5. get_header() C:\Users\Jesssica\Local Sites\wp-dev\app\public\wp-content\themes\1.14-phpforwp-starter\index.php:1
[10-May-2020 00:49:45 UTC] PHP   6. locate_template() C:\Users\Jesssica\Local Sites\wp-dev\app\public\wp-includes\general-template.php:41
[10-May-2020 00:49:45 UTC] PHP   7. load_template() C:\Users\Jesssica\Local Sites\wp-dev\app\public\wp-includes\template.php:672
[10-May-2020 00:49:45 UTC] PHP   8. require_once() C:\Users\Jesssica\Local Sites\wp-dev\app\public\wp-includes\template.php:723
[10-May-2020 00:49:45 UTC] PHP   9. wp_head() C:\Users\Jesssica\Local Sites\wp-dev\app\public\wp-content\themes\1.14-phpforwp-starter\header.php:8
[10-May-2020 00:49:45 UTC] PHP  10. do_action() C:\Users\Jesssica\Local Sites\wp-dev\app\public\wp-includes\general-template.php:2884
[10-May-2020 00:49:45 UTC] PHP  11. WP_Hook->do_action() C:\Users\Jesssica\Local Sites\wp-dev\app\public\wp-includes\plugin.php:478
[10-May-2020 00:49:45 UTC] PHP  12. WP_Hook->apply_filters() C:\Users\Jesssica\Local Sites\wp-dev\app\public\wp-includes\class-wp-hook.php:311
[10-May-2020 00:49:45 UTC] PHP  13. wp_enqueue_scripts() C:\Users\Jesssica\Local Sites\wp-dev\app\public\wp-includes\class-wp-hook.php:287
[10-May-2020 00:49:45 UTC] PHP  14. do_action() C:\Users\Jesssica\Local Sites\wp-dev\app\public\wp-includes\script-loader.php:2294
[10-May-2020 00:49:45 UTC] PHP  15. WP_Hook->do_action() C:\Users\Jesssica\Local Sites\wp-dev\app\public\wp-includes\plugin.php:478
[10-May-2020 00:49:45 UTC] PHP  16. WP_Hook->apply_filters() C:\Users\Jesssica\Local Sites\wp-dev\app\public\wp-includes\class-wp-hook.php:311
[10-May-2020 00:55:28 UTC] PHP Warning:  call_user_func_array() expects parameter 1 to be a valid callback, function '' not found or invalid function name in C:\Users\Jesssica\Local Sites\wp-dev\app\public\wp-includes\class-wp-hook.php on line 287
[10-May-2020 00:55:28 UTC] PHP Stack trace:
[10-May-2020 00:55:28 UTC] PHP   1. {main}() C:\Users\Jesssica\Local Sites\wp-dev\app\public\index.php:0
[10-May-2020 00:55:28 UTC] PHP   2. require() C:\Users\Jesssica\Local Sites\wp-dev\app\public\index.php:17
[10-May-2020 00:55:28 UTC] PHP   3. require_once() C:\Users\Jesssica\Local Sites\wp-dev\app\public\wp-blog-header.php:19
[10-May-2020 00:55:28 UTC] PHP   4. include() C:\Users\Jesssica\Local Sites\wp-dev\app\public\wp-includes\template-loader.php:106
[10-May-2020 00:55:28 UTC] PHP   5. get_header() C:\Users\Jesssica\Local Sites\wp-dev\app\public\wp-content\themes\1.14-phpforwp-starter\index.php:1
[10-May-2020 00:55:28 UTC] PHP   6. locate_template() C:\Users\Jesssica\Local Sites\wp-dev\app\public\wp-includes\general-template.php:41
[10-May-2020 00:55:28 UTC] PHP   7. load_template() C:\Users\Jesssica\Local Sites\wp-dev\app\public\wp-includes\template.php:672
[10-May-2020 00:55:28 UTC] PHP   8. require_once() C:\Users\Jesssica\Local Sites\wp-dev\app\public\wp-includes\template.php:723
[10-May-2020 00:55:28 UTC] PHP   9. wp_head() C:\Users\Jesssica\Local Sites\wp-dev\app\public\wp-content\themes\1.14-phpforwp-starter\header.php:8
[10-May-2020 00:55:28 UTC] PHP  10. do_action() C:\Users\Jesssica\Local Sites\wp-dev\app\public\wp-includes\general-template.php:2884
[10-May-2020 00:55:28 UTC] PHP  11. WP_Hook->do_action() C:\Users\Jesssica\Local Sites\wp-dev\app\public\wp-includes\plugin.php:478
[10-May-2020 00:55:28 UTC] PHP  12. WP_Hook->apply_filters() C:\Users\Jesssica\Local Sites\wp-dev\app\public\wp-includes\class-wp-hook.php:311
[10-May-2020 00:55:28 UTC] PHP  13. wp_enqueue_scripts() C:\Users\Jesssica\Local Sites\wp-dev\app\public\wp-includes\class-wp-hook.php:287
[10-May-2020 00:55:28 UTC] PHP  14. do_action() C:\Users\Jesssica\Local Sites\wp-dev\app\public\wp-includes\script-loader.php:2294
[10-May-2020 00:55:28 UTC] PHP  15. WP_Hook->do_action() C:\Users\Jesssica\Local Sites\wp-dev\app\public\wp-includes\plugin.php:478
[10-May-2020 00:55:28 UTC] PHP  16. WP_Hook->apply_filters() C:\Users\Jesssica\Local Sites\wp-dev\app\public\wp-includes\class-wp-hook.php:311
[10-May-2020 00:55:36 UTC] PHP Warning:  call_user_func_array() expects parameter 1 to be a valid callback, function '' not found or invalid function name in C:\Users\Jesssica\Local Sites\wp-dev\app\public\wp-includes\class-wp-hook.php on line 287
[10-May-2020 00:55:36 UTC] PHP Stack trace:
[10-May-2020 00:55:36 UTC] PHP   1. {main}() C:\Users\Jesssica\Local Sites\wp-dev\app\public\index.php:0
[10-May-2020 00:55:36 UTC] PHP   2. require() C:\Users\Jesssica\Local Sites\wp-dev\app\public\index.php:17
[10-May-2020 00:55:36 UTC] PHP   3. require_once() C:\Users\Jesssica\Local Sites\wp-dev\app\public\wp-blog-header.php:19
[10-May-2020 00:55:36 UTC] PHP   4. include() C:\Users\Jesssica\Local Sites\wp-dev\app\public\wp-includes\template-loader.php:106
[10-May-2020 00:55:36 UTC] PHP   5. get_header() C:\Users\Jesssica\Local Sites\wp-dev\app\public\wp-content\themes\1.14-phpforwp-starter\index.php:1
[10-May-2020 00:55:36 UTC] PHP   6. locate_template() C:\Users\Jesssica\Local Sites\wp-dev\app\public\wp-includes\general-template.php:41
[10-May-2020 00:55:36 UTC] PHP   7. load_template() C:\Users\Jesssica\Local Sites\wp-dev\app\public\wp-includes\template.php:672
[10-May-2020 00:55:36 UTC] PHP   8. require_once() C:\Users\Jesssica\Local Sites\wp-dev\app\public\wp-includes\template.php:723
[10-May-2020 00:55:36 UTC] PHP   9. wp_head() C:\Users\Jesssica\Local Sites\wp-dev\app\public\wp-content\themes\1.14-phpforwp-starter\header.php:8
[10-May-2020 00:55:36 UTC] PHP  10. do_action() C:\Users\Jesssica\Local Sites\wp-dev\app\public\wp-includes\general-template.php:2884
[10-May-2020 00:55:36 UTC] PHP  11. WP_Hook->do_action() C:\Users\Jesssica\Local Sites\wp-dev\app\public\wp-includes\plugin.php:478
[10-May-2020 00:55:36 UTC] PHP  12. WP_Hook->apply_filters() C:\Users\Jesssica\Local Sites\wp-dev\app\public\wp-includes\class-wp-hook.php:311
[10-May-2020 00:55:36 UTC] PHP  13. wp_enqueue_scripts() C:\Users\Jesssica\Local Sites\wp-dev\app\public\wp-includes\class-wp-hook.php:287
[10-May-2020 00:55:36 UTC] PHP  14. do_action() C:\Users\Jesssica\Local Sites\wp-dev\app\public\wp-includes\script-loader.php:2294
[10-May-2020 00:55:36 UTC] PHP  15. WP_Hook->do_action() C:\Users\Jesssica\Local Sites\wp-dev\app\public\wp-includes\plugin.php:478
[10-May-2020 00:55:36 UTC] PHP  16. WP_Hook->apply_filters() C:\Users\Jesssica\Local Sites\wp-dev\app\public\wp-includes\class-wp-hook.php:311
[10-May-2020 00:57:34 UTC] PHP Warning:  call_user_func_array() expects parameter 1 to be a valid callback, function '' not found or invalid function name in C:\Users\Jesssica\Local Sites\wp-dev\app\public\wp-includes\class-wp-hook.php on line 287
[10-May-2020 00:57:34 UTC] PHP Stack trace:
[10-May-2020 00:57:34 UTC] PHP   1. {main}() C:\Users\Jesssica\Local Sites\wp-dev\app\public\index.php:0
[10-May-2020 00:57:34 UTC] PHP   2. require() C:\Users\Jesssica\Local Sites\wp-dev\app\public\index.php:17
[10-May-2020 00:57:34 UTC] PHP   3. require_once() C:\Users\Jesssica\Local Sites\wp-dev\app\public\wp-blog-header.php:19
[10-May-2020 00:57:34 UTC] PHP   4. include() C:\Users\Jesssica\Local Sites\wp-dev\app\public\wp-includes\template-loader.php:106
[10-May-2020 00:57:34 UTC] PHP   5. get_header() C:\Users\Jesssica\Local Sites\wp-dev\app\public\wp-content\themes\1.14-phpforwp-starter\index.php:1
[10-May-2020 00:57:34 UTC] PHP   6. locate_template() C:\Users\Jesssica\Local Sites\wp-dev\app\public\wp-includes\general-template.php:41
[10-May-2020 00:57:34 UTC] PHP   7. load_template() C:\Users\Jesssica\Local Sites\wp-dev\app\public\wp-includes\template.php:672
[10-May-2020 00:57:34 UTC] PHP   8. require_once() C:\Users\Jesssica\Local Sites\wp-dev\app\public\wp-includes\template.php:723
[10-May-2020 00:57:34 UTC] PHP   9. wp_head() C:\Users\Jesssica\Local Sites\wp-dev\app\public\wp-content\themes\1.14-phpforwp-starter\header.php:8
[10-May-2020 00:57:34 UTC] PHP  10. do_action() C:\Users\Jesssica\Local Sites\wp-dev\app\public\wp-includes\general-template.php:2884
[10-May-2020 00:57:34 UTC] PHP  11. WP_Hook->do_action() C:\Users\Jesssica\Local Sites\wp-dev\app\public\wp-includes\plugin.php:478
[10-May-2020 00:57:34 UTC] PHP  12. WP_Hook->apply_filters() C:\Users\Jesssica\Local Sites\wp-dev\app\public\wp-includes\class-wp-hook.php:311
[10-May-2020 00:57:34 UTC] PHP  13. wp_enqueue_scripts() C:\Users\Jesssica\Local Sites\wp-dev\app\public\wp-includes\class-wp-hook.php:287
[10-May-2020 00:57:34 UTC] PHP  14. do_action() C:\Users\Jesssica\Local Sites\wp-dev\app\public\wp-includes\script-loader.php:2294
[10-May-2020 00:57:34 UTC] PHP  15. WP_Hook->do_action() C:\Users\Jesssica\Local Sites\wp-dev\app\public\wp-includes\plugin.php:478
[10-May-2020 00:57:34 UTC] PHP  16. WP_Hook->apply_filters() C:\Users\Jesssica\Local Sites\wp-dev\app\public\wp-includes\class-wp-hook.php:311
[10-May-2020 00:58:08 UTC] PHP Warning:  call_user_func_array() expects parameter 1 to be a valid callback, function '' not found or invalid function name in C:\Users\Jesssica\Local Sites\wp-dev\app\public\wp-includes\class-wp-hook.php on line 287
[10-May-2020 00:58:08 UTC] PHP Stack trace:
[10-May-2020 00:58:08 UTC] PHP   1. {main}() C:\Users\Jesssica\Local Sites\wp-dev\app\public\index.php:0
[10-May-2020 00:58:08 UTC] PHP   2. require() C:\Users\Jesssica\Local Sites\wp-dev\app\public\index.php:17
[10-May-2020 00:58:08 UTC] PHP   3. require_once() C:\Users\Jesssica\Local Sites\wp-dev\app\public\wp-blog-header.php:19
[10-May-2020 00:58:08 UTC] PHP   4. include() C:\Users\Jesssica\Local Sites\wp-dev\app\public\wp-includes\template-loader.php:106
[10-May-2020 00:58:08 UTC] PHP   5. get_header() C:\Users\Jesssica\Local Sites\wp-dev\app\public\wp-content\themes\1.14-phpforwp-starter\index.php:1
[10-May-2020 00:58:08 UTC] PHP   6. locate_template() C:\Users\Jesssica\Local Sites\wp-dev\app\public\wp-includes\general-template.php:41
[10-May-2020 00:58:08 UTC] PHP   7. load_template() C:\Users\Jesssica\Local Sites\wp-dev\app\public\wp-includes\template.php:672
[10-May-2020 00:58:08 UTC] PHP   8. require_once() C:\Users\Jesssica\Local Sites\wp-dev\app\public\wp-includes\template.php:723
[10-May-2020 00:58:08 UTC] PHP   9. wp_head() C:\Users\Jesssica\Local Sites\wp-dev\app\public\wp-content\themes\1.14-phpforwp-starter\header.php:8
[10-May-2020 00:58:08 UTC] PHP  10. do_action() C:\Users\Jesssica\Local Sites\wp-dev\app\public\wp-includes\general-template.php:2884
[10-May-2020 00:58:08 UTC] PHP  11. WP_Hook->do_action() C:\Users\Jesssica\Local Sites\wp-dev\app\public\wp-includes\plugin.php:478
[10-May-2020 00:58:08 UTC] PHP  12. WP_Hook->apply_filters() C:\Users\Jesssica\Local Sites\wp-dev\app\public\wp-includes\class-wp-hook.php:311
[10-May-2020 00:58:08 UTC] PHP  13. wp_enqueue_scripts() C:\Users\Jesssica\Local Sites\wp-dev\app\public\wp-includes\class-wp-hook.php:287
[10-May-2020 00:58:08 UTC] PHP  14. do_action() C:\Users\Jesssica\Local Sites\wp-dev\app\public\wp-includes\script-loader.php:2294
[10-May-2020 00:58:08 UTC] PHP  15. WP_Hook->do_action() C:\Users\Jesssica\Local Sites\wp-dev\app\public\wp-includes\plugin.php:478
[10-May-2020 00:58:08 UTC] PHP  16. WP_Hook->apply_filters() C:\Users\Jesssica\Local Sites\wp-dev\app\public\wp-includes\class-wp-hook.php:311
[10-May-2020 00:58:09 UTC] PHP Warning:  call_user_func_array() expects parameter 1 to be a valid callback, function '' not found or invalid function name in C:\Users\Jesssica\Local Sites\wp-dev\app\public\wp-includes\class-wp-hook.php on line 287
[10-May-2020 00:58:09 UTC] PHP Stack trace:
[10-May-2020 00:58:09 UTC] PHP   1. {main}() C:\Users\Jesssica\Local Sites\wp-dev\app\public\index.php:0
[10-May-2020 00:58:09 UTC] PHP   2. require() C:\Users\Jesssica\Local Sites\wp-dev\app\public\index.php:17
[10-May-2020 00:58:09 UTC] PHP   3. require_once() C:\Users\Jesssica\Local Sites\wp-dev\app\public\wp-blog-header.php:19
[10-May-2020 00:58:09 UTC] PHP   4. include() C:\Users\Jesssica\Local Sites\wp-dev\app\public\wp-includes\template-loader.php:106
[10-May-2020 00:58:09 UTC] PHP   5. get_header() C:\Users\Jesssica\Local Sites\wp-dev\app\public\wp-content\themes\1.14-phpforwp-starter\index.php:1
[10-May-2020 00:58:09 UTC] PHP   6. locate_template() C:\Users\Jesssica\Local Sites\wp-dev\app\public\wp-includes\general-template.php:41
[10-May-2020 00:58:09 UTC] PHP   7. load_template() C:\Users\Jesssica\Local Sites\wp-dev\app\public\wp-includes\template.php:672
[10-May-2020 00:58:09 UTC] PHP   8. require_once() C:\Users\Jesssica\Local Sites\wp-dev\app\public\wp-includes\template.php:723
[10-May-2020 00:58:09 UTC] PHP   9. wp_head() C:\Users\Jesssica\Local Sites\wp-dev\app\public\wp-content\themes\1.14-phpforwp-starter\header.php:8
[10-May-2020 00:58:09 UTC] PHP  10. do_action() C:\Users\Jesssica\Local Sites\wp-dev\app\public\wp-includes\general-template.php:2884
[10-May-2020 00:58:09 UTC] PHP  11. WP_Hook->do_action() C:\Users\Jesssica\Local Sites\wp-dev\app\public\wp-includes\plugin.php:478
[10-May-2020 00:58:09 UTC] PHP  12. WP_Hook->apply_filters() C:\Users\Jesssica\Local Sites\wp-dev\app\public\wp-includes\class-wp-hook.php:311
[10-May-2020 00:58:09 UTC] PHP  13. wp_enqueue_scripts() C:\Users\Jesssica\Local Sites\wp-dev\app\public\wp-includes\class-wp-hook.php:287
[10-May-2020 00:58:09 UTC] PHP  14. do_action() C:\Users\Jesssica\Local Sites\wp-dev\app\public\wp-includes\script-loader.php:2294
[10-May-2020 00:58:09 UTC] PHP  15. WP_Hook->do_action() C:\Users\Jesssica\Local Sites\wp-dev\app\public\wp-includes\plugin.php:478
[10-May-2020 00:58:09 UTC] PHP  16. WP_Hook->apply_filters() C:\Users\Jesssica\Local Sites\wp-dev\app\public\wp-includes\class-wp-hook.php:311
[10-May-2020 00:58:09 UTC] PHP Warning:  call_user_func_array() expects parameter 1 to be a valid callback, function '' not found or invalid function name in C:\Users\Jesssica\Local Sites\wp-dev\app\public\wp-includes\class-wp-hook.php on line 287
[10-May-2020 00:58:09 UTC] PHP Stack trace:
[10-May-2020 00:58:09 UTC] PHP   1. {main}() C:\Users\Jesssica\Local Sites\wp-dev\app\public\index.php:0
[10-May-2020 00:58:09 UTC] PHP   2. require() C:\Users\Jesssica\Local Sites\wp-dev\app\public\index.php:17
[10-May-2020 00:58:09 UTC] PHP   3. require_once() C:\Users\Jesssica\Local Sites\wp-dev\app\public\wp-blog-header.php:19
[10-May-2020 00:58:09 UTC] PHP   4. include() C:\Users\Jesssica\Local Sites\wp-dev\app\public\wp-includes\template-loader.php:106
[10-May-2020 00:58:09 UTC] PHP   5. get_header() C:\Users\Jesssica\Local Sites\wp-dev\app\public\wp-content\themes\1.14-phpforwp-starter\index.php:1
[10-May-2020 00:58:09 UTC] PHP   6. locate_template() C:\Users\Jesssica\Local Sites\wp-dev\app\public\wp-includes\general-template.php:41
[10-May-2020 00:58:09 UTC] PHP   7. load_template() C:\Users\Jesssica\Local Sites\wp-dev\app\public\wp-includes\template.php:672
[10-May-2020 00:58:09 UTC] PHP   8. require_once() C:\Users\Jesssica\Local Sites\wp-dev\app\public\wp-includes\template.php:723
[10-May-2020 00:58:09 UTC] PHP   9. wp_head() C:\Users\Jesssica\Local Sites\wp-dev\app\public\wp-content\themes\1.14-phpforwp-starter\header.php:8
[10-May-2020 00:58:09 UTC] PHP  10. do_action() C:\Users\Jesssica\Local Sites\wp-dev\app\public\wp-includes\general-template.php:2884
[10-May-2020 00:58:09 UTC] PHP  11. WP_Hook->do_action() C:\Users\Jesssica\Local Sites\wp-dev\app\public\wp-includes\plugin.php:478
[10-May-2020 00:58:09 UTC] PHP  12. WP_Hook->apply_filters() C:\Users\Jesssica\Local Sites\wp-dev\app\public\wp-includes\class-wp-hook.php:311
[10-May-2020 00:58:09 UTC] PHP  13. wp_enqueue_scripts() C:\Users\Jesssica\Local Sites\wp-dev\app\public\wp-includes\class-wp-hook.php:287
[10-May-2020 00:58:09 UTC] PHP  14. do_action() C:\Users\Jesssica\Local Sites\wp-dev\app\public\wp-includes\script-loader.php:2294
[10-May-2020 00:58:09 UTC] PHP  15. WP_Hook->do_action() C:\Users\Jesssica\Local Sites\wp-dev\app\public\wp-includes\plugin.php:478
[10-May-2020 00:58:09 UTC] PHP  16. WP_Hook->apply_filters() C:\Users\Jesssica\Local Sites\wp-dev\app\public\wp-includes\class-wp-hook.php:311
[24-May-2020 01:02:54 UTC] PHP Warning:  Use of undefined constant add - assumed 'add' (this will throw an Error in a future version of PHP) in C:\Users\Jesssica\Local Sites\wp-dev\app\public\wp-content\themes\wphierarchy\functions.php on line 18
[24-May-2020 01:02:54 UTC] PHP Stack trace:
[24-May-2020 01:02:54 UTC] PHP   1. {main}() C:\Users\Jesssica\Local Sites\wp-dev\app\public\wp-admin\admin-ajax.php:0
[24-May-2020 01:02:54 UTC] PHP   2. require_once() C:\Users\Jesssica\Local Sites\wp-dev\app\public\wp-admin\admin-ajax.php:22
[24-May-2020 01:02:54 UTC] PHP   3. require_once() C:\Users\Jesssica\Local Sites\wp-dev\app\public\wp-load.php:37
[24-May-2020 01:02:54 UTC] PHP   4. require_once() C:\Users\Jesssica\Local Sites\wp-dev\app\public\wp-config.php:77
[24-May-2020 01:02:54 UTC] PHP   5. include() C:\Users\Jesssica\Local Sites\wp-dev\app\public\wp-settings.php:508
[27-May-2020 00:27:57 UTC] PHP Parse error:  syntax error, unexpected ':' in C:\Users\Jesssica\Local Sites\wp-dev\app\public\wp-content\themes\wphierarchy\index.php on line 8
[27-May-2020 00:28:55 UTC] PHP Parse error:  syntax error, unexpected '<' in C:\Users\Jesssica\Local Sites\wp-dev\app\public\wp-content\themes\wphierarchy\index.php on line 37
[27-May-2020 00:28:58 UTC] PHP Parse error:  syntax error, unexpected '<' in C:\Users\Jesssica\Local Sites\wp-dev\app\public\wp-content\themes\wphierarchy\index.php on line 37
[27-May-2020 00:30:24 UTC] PHP Parse error:  syntax error, unexpected '<' in C:\Users\Jesssica\Local Sites\wp-dev\app\public\wp-content\themes\wphierarchy\index.php on line 37
[27-May-2020 23:04:42 UTC] PHP Parse error:  syntax error, unexpected 'get_post_format' (T_STRING), expecting ')' in C:\Users\Jesssica\Local Sites\wp-dev\app\public\wp-content\themes\wphierarchy\single.php on line 10
[27-May-2020 23:05:35 UTC] PHP Parse error:  syntax error, unexpected 'get_post_format' (T_STRING), expecting ')' in C:\Users\Jesssica\Local Sites\wp-dev\app\public\wp-content\themes\wphierarchy\single.php on line 10
[27-May-2020 23:08:17 UTC] PHP Parse error:  syntax error, unexpected 'get_post_format' (T_STRING), expecting ')' in C:\Users\Jesssica\Local Sites\wp-dev\app\public\wp-content\themes\wphierarchy\single.php on line 10
[27-May-2020 23:09:13 UTC] PHP Parse error:  syntax error, unexpected 'get_post_format' (T_STRING), expecting ')' in C:\Users\Jesssica\Local Sites\wp-dev\app\public\wp-content\themes\wphierarchy\single.php on line 10
[27-May-2020 23:09:15 UTC] PHP Parse error:  syntax error, unexpected 'get_post_format' (T_STRING), expecting ')' in C:\Users\Jesssica\Local Sites\wp-dev\app\public\wp-content\themes\wphierarchy\single.php on line 10
[27-May-2020 23:09:16 UTC] PHP Parse error:  syntax error, unexpected 'get_post_format' (T_STRING), expecting ')' in C:\Users\Jesssica\Local Sites\wp-dev\app\public\wp-content\themes\wphierarchy\single.php on line 10
[27-May-2020 23:09:16 UTC] PHP Parse error:  syntax error, unexpected 'get_post_format' (T_STRING), expecting ')' in C:\Users\Jesssica\Local Sites\wp-dev\app\public\wp-content\themes\wphierarchy\single.php on line 10
[27-May-2020 23:09:16 UTC] PHP Parse error:  syntax error, unexpected 'get_post_format' (T_STRING), expecting ')' in C:\Users\Jesssica\Local Sites\wp-dev\app\public\wp-content\themes\wphierarchy\single.php on line 10
[27-May-2020 23:09:16 UTC] PHP Parse error:  syntax error, unexpected 'get_post_format' (T_STRING), expecting ')' in C:\Users\Jesssica\Local Sites\wp-dev\app\public\wp-content\themes\wphierarchy\single.php on line 10
[27-May-2020 23:09:17 UTC] PHP Parse error:  syntax error, unexpected 'get_post_format' (T_STRING), expecting ')' in C:\Users\Jesssica\Local Sites\wp-dev\app\public\wp-content\themes\wphierarchy\single.php on line 10
[27-May-2020 23:10:18 UTC] PHP Parse error:  syntax error, unexpected 'get_post_format' (T_STRING), expecting ')' in C:\Users\Jesssica\Local Sites\wp-dev\app\public\wp-content\themes\wphierarchy\single.php on line 10
[27-May-2020 23:10:25 UTC] PHP Parse error:  syntax error, unexpected 'get_post_format' (T_STRING), expecting ')' in C:\Users\Jesssica\Local Sites\wp-dev\app\public\wp-content\themes\wphierarchy\single.php on line 10
[29-May-2020 02:47:57 UTC] PHP Fatal error:  Uncaught Error: Call to undefined function get_permlink() in C:\Users\Jesssica\Local Sites\wp-dev\app\public\wp-content\themes\wphierarchy\template-parts\content-posts.php:8
Stack trace:
#0 C:\Users\Jesssica\Local Sites\wp-dev\app\public\wp-includes\template.php(725): require()
#1 C:\Users\Jesssica\Local Sites\wp-dev\app\public\wp-includes\template.php(672): load_template('C:\\Users\\Jesssi...', false)
#2 C:\Users\Jesssica\Local Sites\wp-dev\app\public\wp-includes\general-template.php(168): locate_template(Array, true, false)
#3 C:\Users\Jesssica\Local Sites\wp-dev\app\public\wp-content\themes\wphierarchy\home.php(12): get_template_part('template-parts/...', 'posts')
#4 C:\Users\Jesssica\Local Sites\wp-dev\app\public\wp-includes\template-loader.php(106): include('C:\\Users\\Jesssi...')
#5 C:\Users\Jesssica\Local Sites\wp-dev\app\public\wp-blog-header.php(19): require_once('C:\\Users\\Jesssi...')
#6 C:\Users\Jesssica\Local Sites\wp-dev\app\public\index.php(17): require('C:\\Users\\Jesssi...')
#7 {main}
  throw in C:\Users\Jesssica\Local Sites\wp-dev\app\public\wp-content\themes\wphierarchy\template-parts\content-posts.php on line 8
[06-Jun-2020 22:06:44 UTC] PHP Parse error:  syntax error, unexpected 'title' (T_STRING) in C:\Users\Jesssica\Local Sites\wp-dev\app\public\wp-content\themes\wphierarchy\template-parts\content-search.php on line 11
[07-Jun-2020 22:36:48 UTC] PHP Fatal error:  Uncaught Error: Maximum function nesting level of '256' reached, aborting! in C:\Users\Jesssica\Local Sites\wp-dev\app\public\wp-includes\class-wp-block-type-registry.php:166
Stack trace:
#0 C:\Users\Jesssica\Local Sites\wp-dev\app\public\wp-includes\script-loader.php(2496): WP_Block_Type_Registry::get_instance()
#1 C:\Users\Jesssica\Local Sites\wp-dev\app\public\wp-includes\class-wp-hook.php(287): wp_enqueue_registered_block_scripts_and_styles('')
#2 C:\Users\Jesssica\Local Sites\wp-dev\app\public\wp-includes\class-wp-hook.php(311): WP_Hook->apply_filters('', Array)
#3 C:\Users\Jesssica\Local Sites\wp-dev\app\public\wp-includes\plugin.php(478): WP_Hook->do_action(Array)
#4 C:\Users\Jesssica\Local Sites\wp-dev\app\public\wp-includes\script-loader.php(2480): do_action('enqueue_block_a...')
#5 C:\Users\Jesssica\Local Sites\wp-dev\app\public\wp-includes\class-wp-hook.php(287): wp_common_block_scripts_and_styles('')
#6 C:\Users\Jesssica\Local Sites\wp-dev\app\public\wp-includes\class-wp-hook.php(311): WP_Hook->ap in C:\Users\Jesssica\Local Sites\wp-dev\app\public\wp-includes\class-wp-block-type-registry.php on line 166
[13-Jun-2020 22:33:39 UTC] PHP Parse error:  syntax error, unexpected '?' in C:\Users\Jesssica\Local Sites\wp-dev\app\public\wp-content\themes\wphierarchy\sidebar.php on line 1
[13-Jun-2020 22:37:03 UTC] PHP Parse error:  syntax error, unexpected '?' in C:\Users\Jesssica\Local Sites\wp-dev\app\public\wp-content\themes\wphierarchy\sidebar.php on line 1
